[debug] [2024-11-21T15:09:11.652Z] ----------------------------------------------------------------------
[debug] [2024-11-21T15:09:11.654Z] Command:       C:\Program Files\nodejs\node.exe C:\Users\mohammed.ka\AppData\Roaming\npm\node_modules\firebase-tools\lib\bin\firebase.js login
[debug] [2024-11-21T15:09:11.655Z] CLI Version:   13.22.0
[debug] [2024-11-21T15:09:11.655Z] Platform:      win32
[debug] [2024-11-21T15:09:11.655Z] Node Version:  v18.20.4
[debug] [2024-11-21T15:09:11.657Z] Time:          Thu Nov 21 2024 20:39:11 GMT+0530 (India Standard Time)
[debug] [2024-11-21T15:09:11.657Z] ----------------------------------------------------------------------
[debug] 
[debug] [2024-11-21T15:09:11.674Z] >>> [apiv2][query] GET https://firebase-public.firebaseio.com/cli.json [none]
[info] i  Firebase optionally collects CLI and Emulator Suite usage and error reporting information to help improve our products. Data is collected in accordance with Google's privacy policy (https://policies.google.com/privacy) and is not used to identify you.
 
[debug] [2024-11-21T15:09:12.207Z] *** [apiv2] error from fetch(https://firebase-public.firebaseio.com/cli.json, {"headers":{},"method":"GET"}): FetchError: request to https://firebase-public.firebaseio.com/cli.json failed, reason: self-signed certificate in certificate chain
[warn] !  Unable to fetch the CLI MOTD and remote config. This is not a fatal error, but may indicate an issue with your network connection. 
[debug] [2024-11-21T15:09:12.208Z] Failed to fetch MOTD FirebaseError: Failed to make request to https://firebase-public.firebaseio.com/cli.json
[info] i  To change your data collection preference at any time, run `firebase logout` and log in again. 
[info] 
[info] Visit this URL on this device to log in:
[info] https://accounts.google.com/o/oauth2/auth?client_id=563584335869-fgrhgmd47bqnekij5i8b5pr03ho849e6.apps.googleusercontent.com&scope=email%20openid%20https%3A%2F%2Fwww.googleapis.com%2Fauth%2Fcloudplatformprojects.readonly%20https%3A%2F%2Fwww.googleapis.com%2Fauth%2Ffirebase%20https%3A%2F%2Fwww.googleapis.com%2Fauth%2Fcloud-platform&response_type=code&state=229306678&redirect_uri=http%3A%2F%2Flocalhost%3A9005
[info] 
[info] Waiting for authentication...
[debug] [2024-11-21T15:09:58.514Z] >>> [apiv2][query] POST https://accounts.google.com/o/oauth2/token [none]
[debug] [2024-11-21T15:09:58.515Z] >>> [apiv2][body] POST https://accounts.google.com/o/oauth2/token [omitted]
[debug] [2024-11-21T15:09:58.795Z] <<< [apiv2][status] POST https://accounts.google.com/o/oauth2/token 200
[debug] [2024-11-21T15:09:58.796Z] <<< [apiv2][body] POST https://accounts.google.com/o/oauth2/token [omitted]
[debug] [2024-11-21T15:09:59.060Z] Error: EPERM: operation not permitted, rename 'C:\Users\mohammed.ka\.config\configstore\firebase-tools.json.1700019697' -> 'C:\Users\mohammed.ka\.config\configstore\firebase-tools.json'
    at Object.renameSync (node:fs:1035:3)
    at Function.writeFileSync [as sync] (C:\Users\mohammed.ka\AppData\Roaming\npm\node_modules\firebase-tools\node_modules\write-file-atomic\index.js:244:8)
    at set all [as all] (C:\Users\mohammed.ka\AppData\Roaming\npm\node_modules\firebase-tools\node_modules\configstore\index.js:61:20)
    at Configstore.delete (C:\Users\mohammed.ka\AppData\Roaming\npm\node_modules\firebase-tools\node_modules\configstore\index.js:101:12)
    at Command.actionFn (C:\Users\mohammed.ka\AppData\Roaming\npm\node_modules\firebase-tools\lib\commands\login.js:46:37)
    at process.processTicksAndRejections (node:internal/process/task_queues:95:5)
[error] 
[error] Error: An unexpected error has occurred.
